#
# A fatal error has been detected by the Java Runtime Environment:
#
#  EXCEPTION_ACCESS_VIOLATION (0xc0000005) at pc=0x000000006cf2d4fd, pid=10428, tid=0x0000000000000c64
#
# JRE version: Java(TM) SE Runtime Environment (8.0_111-b14) (build 1.8.0_111-b14)
# Java VM: Java HotSpot(TM) 64-Bit Server VM (25.111-b14 mixed mode windows-amd64 compressed oops)
# Problematic frame:
# V  [jvm.dll+0x13d4fd]
#
# Failed to write core dump. Minidumps are not enabled by default on client versions of Windows
#
# If you would like to submit a bug report, please visit:
#   http://bugreport.java.com/bugreport/crash.jsp
#

---------------  T H R E A D  ---------------

Current thread (0x00000000029a2800):  JavaThread "main" [_thread_in_vm, id=3172, stack(0x0000000002610000,0x0000000002710000)]

siginfo: ExceptionCode=0xc0000005, reading address 0x0000000000000000

Registers:
RAX=0x0000000000000000, RBX=0x0000000000000000, RCX=0x00000000029a2800, RDX=0x00000000e0c1e388
RSP=0x000000000270ed50, RBP=0x0000000000917140, RSI=0x00000000029a2800, RDI=0x0000000000000000
R8 =0x00007ffc997ef908, R9 =0x000000006d58ed50, R10=0x0000000000000000, R11=0x000000000270edb0
R12=0x0000000000000000, R13=0x00007ffc997ef908, R14=0x0000000000000000, R15=0x00000000008f3270
RIP=0x000000006cf2d4fd, EFLAGS=0x0000000000010246

Top of Stack: (sp=0x000000000270ed50)
0x000000000270ed50:   000000000279ec70 0000000000000000
0x000000000270ed60:   0000000000000000 0000000000000001
0x000000000270ed70:   00000000029a2800 0000000002010000
0x000000000270ed80:   000000000270ece0 0000000000000000
0x000000000270ed90:   00000000029a2800 000000000279ec70
0x000000000270eda0:   00000000000000c7 000000006d3d8390
0x000000000270edb0:   0000000015d9e148 0000000000000000
0x000000000270edc0:   000000000092b6c0 00007ffc997d4ca5
0x000000000270edd0:   000000000270f028 0000000000917140
0x000000000270ede0:   00000000029a29f8 0000000000917140
0x000000000270edf0:   0000000000000400 000000000270ee08
0x000000000270ee00:   000000000270ee80 0000000000000000
0x000000000270ee10:   0000000000000001 0000000000000000
0x000000000270ee20:   0000000000000000 00000000029a2800
0x000000000270ee30:   0000000000000000 000000000270f068
0x000000000270ee40:   0000000000000000 0000000000000000 

Instructions: (pc=0x000000006cf2d4fd)
0x000000006cf2d4dd:   00 00 06 00 00 00 48 89 74 24 40 48 89 5c 24 48
0x000000006cf2d4ed:   48 39 5e 08 74 0a 48 8d 4c 24 40 e8 d3 e1 13 00
0x000000006cf2d4fd:   48 8b 0f e8 5b ad f2 ff 48 8b c8 48 8b e8 4c 8b
0x000000006cf2d50d:   60 10 e8 fc 7f fe ff 48 85 c0 75 05 48 8b fb eb 


Register to memory mapping:

RAX=0x0000000000000000 is an unknown value
RBX=0x0000000000000000 is an unknown value
RCX=0x00000000029a2800 is a thread
RDX=0x00000000e0c1e388 is an oop
java.lang.NoClassDefFoundError 
 - klass: 'java/lang/NoClassDefFoundError'
RSP=0x000000000270ed50 is pointing into the stack for thread: 0x00000000029a2800
RBP=0x0000000000917140 is an unknown value
RSI=0x00000000029a2800 is a thread
RDI=0x0000000000000000 is an unknown value
R8 =0x00007ffc997ef908 is an unknown value
R9 =0x000000006d58ed50 is an unknown value
R10=0x0000000000000000 is an unknown value
R11=0x000000000270edb0 is pointing into the stack for thread: 0x00000000029a2800
R12=0x0000000000000000 is an unknown value
R13=0x00007ffc997ef908 is an unknown value
R14=0x0000000000000000 is an unknown value
R15=0x00000000008f3270 is an unknown value


Stack: [0x0000000002610000,0x0000000002710000],  sp=0x000000000270ed50,  free space=1019k
Native frames: (J=compiled Java code, j=interpreted, Vv=VM code, C=native code)
V  [jvm.dll+0x13d4fd]
C  [pathfinderjni.dll+0x4ca5]
C  0x0000000002ab7f74

Java frames: (J=compiled Java code, j=interpreted, Vv=VM code)
j  grpl.pathfinder.coupled.CoupledCausalTrajGen.generateNative(JJJJ[DD)[D+0
j  grpl.pathfinder.coupled.CoupledCausalTrajGen.generate(Lgrpl/pathfinder/coupled/CoupledState;D)Lgrpl/pathfinder/coupled/CoupledState;+31
j  com.company.Main.main([Ljava/lang/String;)V+250
v  ~StubRoutines::call_stub

---------------  P R O C E S S  ---------------

Java Threads: ( => current thread )
  0x0000000017a6d800 JavaThread "Service Thread" daemon [_thread_blocked, id=4352, stack(0x0000000018180000,0x0000000018280000)]
  0x0000000017a38800 JavaThread "C1 CompilerThread2" daemon [_thread_blocked, id=7776, stack(0x0000000018080000,0x0000000018180000)]
  0x00000000179dd000 JavaThread "C2 CompilerThread1" daemon [_thread_blocked, id=3860, stack(0x0000000017f80000,0x0000000018080000)]
  0x00000000179dc000 JavaThread "C2 CompilerThread0" daemon [_thread_blocked, id=6260, stack(0x0000000017e80000,0x0000000017f80000)]
  0x000000001635a800 JavaThread "Monitor Ctrl-Break" daemon [_thread_in_native, id=11988, stack(0x0000000017d80000,0x0000000017e80000)]
  0x000000001632f800 JavaThread "Attach Listener" daemon [_thread_blocked, id=12232, stack(0x0000000017880000,0x0000000017980000)]
  0x000000001632e800 JavaThread "Signal Dispatcher" daemon [_thread_blocked, id=8928, stack(0x0000000017780000,0x0000000017880000)]
  0x0000000002a9d000 JavaThread "Finalizer" daemon [_thread_blocked, id=608, stack(0x0000000017590000,0x0000000017690000)]
  0x0000000002a92000 JavaThread "Reference Handler" daemon [_thread_blocked, id=12788, stack(0x0000000017490000,0x0000000017590000)]
=>0x00000000029a2800 JavaThread "main" [_thread_in_vm, id=3172, stack(0x0000000002610000,0x0000000002710000)]

Other Threads:
  0x00000000162f8000 VMThread [stack: 0x0000000017390000,0x0000000017490000] [id=5872]
  0x0000000017a9f800 WatcherThread [stack: 0x0000000018280000,0x0000000018380000] [id=12844]

VM state:not at safepoint (normal execution)

VM Mutex/Monitor currently owned by a thread: None

Heap:
 PSYoungGen      total 28672K, used 3443K [0x00000000e0900000, 0x00000000e2900000, 0x0000000100000000)
  eden space 24576K, 14% used [0x00000000e0900000,0x00000000e0c5cd18,0x00000000e2100000)
  from space 4096K, 0% used [0x00000000e2500000,0x00000000e2500000,0x00000000e2900000)
  to   space 4096K, 0% used [0x00000000e2100000,0x00000000e2100000,0x00000000e2500000)
 ParOldGen       total 65536K, used 0K [0x00000000a1a00000, 0x00000000a5a00000, 0x00000000e0900000)
  object space 65536K, 0% used [0x00000000a1a00000,0x00000000a1a00000,0x00000000a5a00000)
 Metaspace       used 3581K, capacity 4664K, committed 4864K, reserved 1056768K
  class space    used 401K, capacity 424K, committed 512K, reserved 1048576K

Card table byte_map: [0x0000000011e60000,0x0000000012160000] byte_map_base: 0x0000000011953000

Marking Bits: (ParMarkBitMap*) 0x000000006d60a6c0
 Begin Bits: [0x0000000012760000, 0x0000000013ef8000)
 End Bits:   [0x0000000013ef8000, 0x0000000015690000)

Polling page: 0x00000000008d0000

CodeCache: size=245760Kb used=1266Kb max_used=1266Kb free=244493Kb
 bounds [0x0000000002aa0000, 0x0000000002d10000, 0x0000000011aa0000]
 total_blobs=368 nmethods=97 adapters=184
 compilation: enabled

Compilation events (10 events):
Event: 0.281 Thread 0x0000000017a38800   93       3       java.util.Vector$Itr::checkForComodification (23 bytes)
Event: 0.281 Thread 0x0000000017a38800 nmethod 93 0x0000000002bda350 code [0x0000000002bda4c0, 0x0000000002bda6e8]
Event: 0.281 Thread 0x0000000017a38800   90       3       grpl.pathfinder.util.NativeResource::nativeHandle (5 bytes)
Event: 0.281 Thread 0x0000000017a38800 nmethod 90 0x0000000002bda7d0 code [0x0000000002bda920, 0x0000000002bdaa70]
Event: 0.295 Thread 0x0000000017a38800   95       1       grpl.pathfinder.util.NativeResource::nativeHandle (5 bytes)
Event: 0.295 Thread 0x0000000017a38800 nmethod 95 0x0000000002bdae90 code [0x0000000002bdafe0, 0x0000000002bdb0f0]
Event: 0.296 Thread 0x0000000017a38800   96       3       java.lang.StringBuilder::toString (17 bytes)
Event: 0.296 Thread 0x0000000017a38800 nmethod 96 0x0000000002bdb150 code [0x0000000002bdb2c0, 0x0000000002bdb4c8]
Event: 0.297 Thread 0x0000000017a38800   97       3       sun.net.www.ParseUtil::encodePath (336 bytes)
Event: 0.299 Thread 0x0000000017a38800 nmethod 97 0x0000000002bdb990 code [0x0000000002bdbc00, 0x0000000002bdcc18]

GC Heap History (0 events):
No events

Deoptimization events (0 events):
No events

Internal exceptions (3 events):
Event: 0.068 Thread 0x00000000029a2800 Exception <a 'java/lang/NoSuchMethodError': Method sun.misc.Unsafe.defineClass(Ljava/lang/String;[BII)Ljava/lang/Class; name or signature does not match> (0x00000000e0907c78) thrown at [C:\re\workspace\8-2-build-windows-amd64-cygwin\jdk8u111\7883\hotspot\
Event: 0.068 Thread 0x00000000029a2800 Exception <a 'java/lang/NoSuchMethodError': Method sun.misc.Unsafe.prefetchRead(Ljava/lang/Object;J)V name or signature does not match> (0x00000000e0907f60) thrown at [C:\re\workspace\8-2-build-windows-amd64-cygwin\jdk8u111\7883\hotspot\src\share\vm\prims
Event: 0.300 Thread 0x00000000029a2800 Exception <a 'java/lang/NoClassDefFoundError': grpl/pathfinder/util/ClosedException> (0x00000000e0c1e388) thrown at [C:\re\workspace\8-2-build-windows-amd64-cygwin\jdk8u111\7883\hotspot\src\share\vm\classfile\systemDictionary.cpp, line 199]

Events (10 events):
Event: 0.277 loading class grpl/pathfinder/path/Curve2d
Event: 0.277 loading class grpl/pathfinder/path/Curve2d done
Event: 0.295 loading class grpl/pathfinder/coupled/CoupledState
Event: 0.295 loading class grpl/pathfinder/coupled/CoupledState done
Event: 0.296 loading class grpl/pathfinder/coupled/CoupledConfigurationState
Event: 0.296 loading class grpl/pathfinder/coupled/CoupledConfigurationState done
Event: 0.297 loading class grpl/pathfinder/coupled/CoupledKinematicState
Event: 0.297 loading class grpl/pathfinder/coupled/CoupledKinematicState done
Event: 0.300 loading class grpl/pathfinder/util/ClosedException
Event: 0.300 loading class grpl/pathfinder/util/ClosedException done


Dynamic libraries:
0x00007ff6f99f0000 - 0x00007ff6f9a27000 	C:\Program Files\Java\jdk1.8.0_111\bin\java.exe
0x00007ffcab2e0000 - 0x00007ffcab4c1000 	C:\WINDOWS\SYSTEM32\ntdll.dll
0x00007ffcaab40000 - 0x00007ffcaabf2000 	C:\WINDOWS\System32\KERNEL32.DLL
0x00007ffca7b50000 - 0x00007ffca7dc3000 	C:\WINDOWS\System32\KERNELBASE.dll
0x00007ffca8c00000 - 0x00007ffca8ca1000 	C:\WINDOWS\System32\ADVAPI32.dll
0x00007ffca9400000 - 0x00007ffca949e000 	C:\WINDOWS\System32\msvcrt.dll
0x00007ffca8870000 - 0x00007ffca88cb000 	C:\WINDOWS\System32\sechost.dll
0x00007ffcaace0000 - 0x00007ffcaae04000 	C:\WINDOWS\System32\RPCRT4.dll
0x00007ffcaaf80000 - 0x00007ffcab110000 	C:\WINDOWS\System32\USER32.dll
0x00007ffca7ae0000 - 0x00007ffca7b00000 	C:\WINDOWS\System32\win32u.dll
0x00007ffca93d0000 - 0x00007ffca93f8000 	C:\WINDOWS\System32\GDI32.dll
0x00007ffca7940000 - 0x00007ffca7ad2000 	C:\WINDOWS\System32\gdi32full.dll
0x00007ffca86d0000 - 0x00007ffca876f000 	C:\WINDOWS\System32\msvcp_win.dll
0x00007ffca7840000 - 0x00007ffca793a000 	C:\WINDOWS\System32\ucrtbase.dll
0x00007ffc98ad0000 - 0x00007ffc98d39000 	C:\WINDOWS\WinSxS\amd64_microsoft.windows.common-controls_6595b64144ccf1df_6.0.17134.471_none_fb3e9aab3068fc16\COMCTL32.dll
0x00007ffca88d0000 - 0x00007ffca8bf2000 	C:\WINDOWS\System32\combase.dll
0x00007ffca77c0000 - 0x00007ffca783a000 	C:\WINDOWS\System32\bcryptPrimitives.dll
0x00007ffca93a0000 - 0x00007ffca93cd000 	C:\WINDOWS\System32\IMM32.DLL
0x000000006d690000 - 0x000000006d762000 	C:\Program Files\Java\jdk1.8.0_111\jre\bin\msvcr100.dll
0x000000006cdf0000 - 0x000000006d68a000 	C:\Program Files\Java\jdk1.8.0_111\jre\bin\server\jvm.dll
0x00007ffca8d80000 - 0x00007ffca8d88000 	C:\WINDOWS\System32\PSAPI.DLL
0x00007ffca61f0000 - 0x00007ffca61f9000 	C:\WINDOWS\SYSTEM32\WSOCK32.dll
0x00007ffca9690000 - 0x00007ffca96fc000 	C:\WINDOWS\System32\WS2_32.dll
0x00007ffca4de0000 - 0x00007ffca4e03000 	C:\WINDOWS\SYSTEM32\WINMM.dll
0x00007ffc98200000 - 0x00007ffc9820a000 	C:\WINDOWS\SYSTEM32\VERSION.dll
0x00007ffca4db0000 - 0x00007ffca4dda000 	C:\WINDOWS\SYSTEM32\WINMMBASE.dll
0x00007ffca7b00000 - 0x00007ffca7b49000 	C:\WINDOWS\System32\cfgmgr32.dll
0x000000006cde0000 - 0x000000006cdef000 	C:\Program Files\Java\jdk1.8.0_111\jre\bin\verify.dll
0x000000006cdb0000 - 0x000000006cdd9000 	C:\Program Files\Java\jdk1.8.0_111\jre\bin\java.dll
0x000000006cc70000 - 0x000000006cc93000 	C:\Program Files\Java\jdk1.8.0_111\jre\bin\instrument.dll
0x000000006cd60000 - 0x000000006cd76000 	C:\Program Files\Java\jdk1.8.0_111\jre\bin\zip.dll
0x00007ffca9700000 - 0x00007ffcaab40000 	C:\WINDOWS\System32\SHELL32.dll
0x00007ffcaac30000 - 0x00007ffcaacd9000 	C:\WINDOWS\System32\shcore.dll
0x00007ffca7fc0000 - 0x00007ffca86cd000 	C:\WINDOWS\System32\windows.storage.dll
0x00007ffca8ef0000 - 0x00007ffca8f41000 	C:\WINDOWS\System32\shlwapi.dll
0x00007ffca7620000 - 0x00007ffca7631000 	C:\WINDOWS\System32\kernel.appcore.dll
0x00007ffca7640000 - 0x00007ffca765f000 	C:\WINDOWS\System32\profapi.dll
0x00007ffca7660000 - 0x00007ffca76ac000 	C:\WINDOWS\System32\powrprof.dll
0x00007ffca7610000 - 0x00007ffca761a000 	C:\WINDOWS\System32\FLTLIB.DLL
0x00007ffc9aca0000 - 0x00007ffc9acba000 	C:\Program Files\JetBrains\IntelliJ IDEA Community Edition 2018.1.3\bin\breakgen64.dll
0x000000006cd40000 - 0x000000006cd5a000 	C:\Program Files\Java\jdk1.8.0_111\jre\bin\net.dll
0x00007ffca6e10000 - 0x00007ffca6e76000 	C:\WINDOWS\system32\mswsock.dll
0x00007ffc997d0000 - 0x00007ffc99806000 	C:\Users\dbarv\Documents\FRC Robot Code\PurePursuitTest\pathfinderjni.dll
0x00007ffca58c0000 - 0x00007ffca5a89000 	C:\WINDOWS\SYSTEM32\dbghelp.dll

VM Arguments:
jvm_args: -javaagent:C:\Program Files\JetBrains\IntelliJ IDEA Community Edition 2018.1.3\lib\idea_rt.jar=54139:C:\Program Files\JetBrains\IntelliJ IDEA Community Edition 2018.1.3\bin -Dfile.encoding=UTF-8 
java_command: com.company.Main
java_class_path (initial): C:\Program Files\Java\jdk1.8.0_111\jre\lib\charsets.jar;C:\Program Files\Java\jdk1.8.0_111\jre\lib\deploy.jar;C:\Program Files\Java\jdk1.8.0_111\jre\lib\ext\access-bridge-64.jar;C:\Program Files\Java\jdk1.8.0_111\jre\lib\ext\cldrdata.jar;C:\Program Files\Java\jdk1.8.0_111\jre\lib\ext\dnsns.jar;C:\Program Files\Java\jdk1.8.0_111\jre\lib\ext\jaccess.jar;C:\Program Files\Java\jdk1.8.0_111\jre\lib\ext\jfxrt.jar;C:\Program Files\Java\jdk1.8.0_111\jre\lib\ext\localedata.jar;C:\Program Files\Java\jdk1.8.0_111\jre\lib\ext\nashorn.jar;C:\Program Files\Java\jdk1.8.0_111\jre\lib\ext\sunec.jar;C:\Program Files\Java\jdk1.8.0_111\jre\lib\ext\sunjce_provider.jar;C:\Program Files\Java\jdk1.8.0_111\jre\lib\ext\sunmscapi.jar;C:\Program Files\Java\jdk1.8.0_111\jre\lib\ext\sunpkcs11.jar;C:\Program Files\Java\jdk1.8.0_111\jre\lib\ext\zipfs.jar;C:\Program Files\Java\jdk1.8.0_111\jre\lib\javaws.jar;C:\Program Files\Java\jdk1.8.0_111\jre\lib\jce.jar;C:\Program Files\Java\jdk1.8.0_111\jre\lib\jfr.jar;C:\Program Files\Java\jdk1.8.0_111\jre\lib\jfxswt.jar;C:\Program Files\Java\jdk1.8.0_111\jre\lib\jsse.jar;C:\Program Files\Java\jdk1.8.0_111\jre\lib\management-agent.jar;C:\Program Files\Java\jdk1.8.0_111\jre\lib\plugin.jar;C:\Program Files\Java\jdk1.8.0_111\jre\lib\resources.jar;C:\Program Files\Java\jdk1.8.0_111\jre\lib\rt.jar;C:\Users\dbarv\Documents\FRC Robot Code\PurePursuitTest\out\production\PurePursuitTest;C:\Users\dbarv\Documents\FRC Robot Code\PurePursuitTest\libs\xchart-3.5.2.jar;C:\Users\dbarv\Documents\FRC Robot Code\PurePursuitTest\libs\Pathfinder-Java.jar;C:\Users\dbarv\Documents\FRC Robot Code\PurePursuitTest\libs\Pathfinder-Java-2.0.0-prealpha.jar;C:\Program Files\JetBrains\IntelliJ IDEA Community Edition 2018.1.3\lib\idea_rt.jar
Launcher Type: SUN_STANDARD

Environment Variables:
PATH=C:\Program Files (x86)\Intel\iCLS Client\;C:\ProgramData\Oracle\Java\javapath;C:\Program Files\Intel\iCLS Client\;C:\WINDOWS\system32;C:\WINDOWS;C:\WINDOWS\System32\Wbem;C:\WINDOWS\System32\WindowsPowerShell\v1.0\;C:\Program Files\Git\cmd;C:\Program Files (x86)\GtkSharp\2.12\bin;C:\Program Files\Calibre2\;C:\Program Files (x86)\Intel\Intel(R) Management Engine Components\DAL;C:\Program Files\Intel\Intel(R) Management Engine Components\DAL;C:\Program Files (x86)\Intel\Intel(R) Management Engine Components\IPT;C:\Program Files\Intel\Intel(R) Management Engine Components\IPT;C:\Program Files\Intel\WiFi\bin\;C:\Program Files\Common Files\Intel\WirelessCommon\;C:\WINDOWS\System32\OpenSSH\;C:\Program Files\Microsoft VS Code\bin;c:\users\dbarv\appdata\local\enthought\canopy\user\scripts;C:\Users\dbarv\AppData\Local\Microsoft\WindowsApps;C:\Users\dbarv\AppData\Local\Enthought\Canopy\User;C:\Users\dbarv\AppData\Local\Enthought\Canopy\User\Scripts;C:\Users\dbarv\AppData\Local\Microsoft\WindowsApps;C:\Gradle\gradle-4.10\bin;C:\Program Files\LLVM\bin
USERNAME=dbarv
OS=Windows_NT
PROCESSOR_IDENTIFIER=Intel64 Family 6 Model 78 Stepping 3, GenuineIntel



---------------  S Y S T E M  ---------------

OS: Windows 10.0 , 64 bit Build 17134 (10.0.17134.1)

CPU:total 4 (2 cores per cpu, 2 threads per core) family 6 model 78 stepping 3, cmov, cx8, fxsr, mmx, sse, sse2, sse3, ssse3, sse4.1, sse4.2, popcnt, avx, avx2, aes, clmul, erms, rtm, 3dnowpref, lzcnt, ht, tsc, tscinvbit, bmi1, bmi2, adx

Memory: 4k page, physical 6177192k(1119648k free), swap 8798632k(2165692k free)

vm_info: Java HotSpot(TM) 64-Bit Server VM (25.111-b14) for windows-amd64 JRE (1.8.0_111-b14), built on Sep 22 2016 19:24:05 by "java_re" with MS VC++ 10.0 (VS2010)

time: Mon Dec 17 15:04:46 2018
elapsed time: 0 seconds (0d 0h 0m 0s)

